
Academic Group corrections and Effective Date anomalies:
--------------------------------------------------------
         Course:   2982 1 2012-09-01 I N UGRD  SOCSC ACCT  ACCT  61    LEC   3.0   3.0   BUSINESS LAW 1
Did not replace:   2994 1 2012-09-01 I N UGRD  SOCSC ACCT  ACCT  61    LEC   3.0   3.0   BUSINESS LAW 1
         Course:   3030 1 2010-12-02 A Y UGRD  SOCSC ACCT  ACCT  367   LEC   4.0   4.0   Federal and New York State Taxes on Income
Did not replace:   2990 1 2010-12-02 A N UGRD  SOCSC ACCT  ACCT  367   LEC   4.0   4.0   FED&amp;NY ST TAX
   Fix division: 116848 1 2012-09-01 I Y ARTHU  => SOCSC  ANTH  ANTH  2        LEC INTRO TO HUMNA EVOLUTION
         Course: 116848 1 2012-09-01 I Y UGRD  SOCSC ANTH  ANTH  2     LEC   3.0   3.0   INTRO TO HUMNA EVOLUTION
Did not replace:   3196 1 2012-09-01 I N UGRD  SOCSC ANTH  ANTH  2     LEC   3.0   3.0   HUMAN NATURE&amp;EVOL
         Course:   3197 1 2012-09-01 I N UGRD  SOCSC ANTH  ANTH  3     LEC   3.0   3.0   WORLD ETHNOLOGY
Did not replace: 118627 1 2012-09-01 I Y UGRD  SOCSC ANTH  ANTH  3     LEC   3.0   0.0   GENERAL ETHNO
         Course:   3206 1 2012-09-01 A N UGRD  SOCSC ANTH  ANTH  11    LEC   3.0   3.0   PPLS&amp;CULT SOAMER
Did not replace:   3193 1 2012-09-01 I N UGRD  SOCSC ANTH  ANTH  11    LEC   3.0   3.0   INTRO CULT ANTHRO
         Course:   3208 1 2012-09-01 I N UGRD  SOCSC ANTH  ANTH  12    LEC   3.0   3.0   PPLS&amp;CULT AF-AM
Did not replace:   3194 1 2012-09-01 I N UGRD  SOCSC ANTH  ANTH  12    LEC   3.0   3.0   INTRO HUMAN EVOL
         Course:   3199 1 2012-09-01 I N UGRD  SOCSC ANTH  ANTH  32    LEC   3.0   3.0   MUSEUM ANTHRO
Did not replace:   3240 1 2012-09-01 I N UGRD  SOCSC ANTH  ANTH  32    LEC   3.0   3.0   ARCH MESOAMERICA
         Course:   3306 1 2012-09-01 I Y UGRD  SOCSC ANTH  ANTH  131   LEC   3.0   3.0   INDIANS URBAN LIFE
Did not replace:   3210 1 2012-09-01 I N UGRD  SOCSC ANTH  ANTH  131   LEC   3.0   3.0   NOAM IND IN FILMS
         Course:   3226 1 2012-09-01 I N UGRD  SOCSC ANTH  ANTH  221   LEC   3.0   3.0   UB31.6NEW YORK NY
Did not replace:   3335 1 2012-09-01 I N UGRD  SOCSC ANTH  ANTH  221   LEC   3.0   3.0   ANTHRO OF FOLKLORE
         Course:   3345 1 2012-09-01 I N UGRD  SOCSC ANTH  ANTH  231   LEC   3.0   3.0   Music, Culture, and Society
Did not replace:   3229 1 2012-09-01 I N UGRD  SOCSC ANTH  ANTH  231   LEC   3.0   3.0   WOMEN CARIB BASIN
         Course:   3394 1 2012-09-01 I N UGRD  SOCSC ANTH  ANTH  301   LEC   4.0   4.0   ANTHRO STATISTICS
Did not replace:   3237 1 2012-09-01 I N UGRD  SOCSC ANTH  ANTH  301   LEC   3.0   3.0   HISTORY OF THEORY
         Course:   3404 1 2012-09-01 I Y UGRD  SOCSC ANTH  ANTH  311   LEC   3.0   3.0   VT:SEM CULT ANTHRO
Did not replace:   3239 1 2012-09-01 I N UGRD  SOCSC ANTH  ANTH  311   LEC   3.0   3.0   MAGIC SCI&amp;RELIG
         Course:   3243 1 2012-09-01 I N UGRD  SOCSC ANTH  ANTH  341   LEC   3.0   3.0   QUEST FOR PARADIS
Did not replace:   3408 1 2012-09-01 I Y UGRD  SOCSC ANTH  ANTH  341   LEC   3.0   3.0   SEM ARCHAEOL THEORY
   Fix division: 114374 1 2011-01-24 A Y ARTHU  => SOCSC  ANTH  ANTH  363      LEC Interpreting the Human Skeleton
         Course:   3254 1 2012-09-01 I N UGRD  SOCSC ANTH  ANTH  421   LEC   3.0   3.0   HUMAN SEXUALITY
Did not replace:   3442 1 2012-09-01 A Y UGRD  SOCSC ANTH  ANTH  421   LEC   3.0   3.0   HUMAN SEXUALITY
         Course:   3443 1 2012-09-01 I Y UGRD  SOCSC ANTH  ANTH  422   LEC   3.0   3.0   SEX RL CROSS CULT
Did not replace:   3255 1 2012-09-01 I N UGRD  SOCSC ANTH  ANTH  422   LEC   3.0   3.0   HUMAN SEXUALITY
         Course:   3455 1 2012-09-01 I N GRAD  SOCSC ANTH  ANTH  561   LEC   3.0   3.0   PATTERNS OF AGING
Did not replace:   3273 1 2012-09-01 I N UGRD  SOCSC ANTH  ANTH  561   LEC   3.0   3.0   UB7.7 PATNS AGING
         Course:   4383 1 2012-09-01 I N UGRD  MNS   BIOL  BIOL  61    LEC   5.0   4.0   TOP IN HU GENETCS
Did not replace:   4430 1 2012-09-01 I N UGRD  MNS   BIOL  BIOL  61    LEC   6.0   4.0   BIOMETRICS
         Course:   4385 1 2012-09-01 I N UGRD  MNS   BIOL  BIOL  63    LEC   5.0   4.0   TOP HUMAN PHYS
Did not replace:   4433 1 2012-09-01 I N UGRD  MNS   BIOL  BIOL  63    LEC   5.0   4.0   TOPICS HUMAN PHYSIOL
         Course:   4389 1 2012-09-01 I N UGRD  MNS   BIOL  BIOL  81    LEC   2.0   2.0   BIOETHICS
Did not replace:   4434 1 2012-09-01 I N UGRD  MNS   BIOL  BIOL  81    LEC   2.0   2.0   SEM SEL TOPICS
   Fix division: 108857 1 1901-01-01 A Y ARTHU  => MNS    BIOL  BIOL  200L     LEC Invertebrate Zoology
         Course:   4612 1 1901-01-01 A Y GRAD  MNS   BIOL  BIOL  611   LEC   6.0   4.0   Mycology
Did not replace:   4431 1 2012-09-01 I N UGRD  MNS   BIOL  BIOL  611   LEC   6.0   4.0   BIOMETRICS
         Course:   4613 1 2012-09-01 I Y GRAD  MNS   BIOL  BIOL  612   LEC   6.0   4.0   Morphology and Evolution of Plants.
Did not replace:   4432 1 2012-09-01 I N UGRD  MNS   BIOL  BIOL  612   LEC   6.0   4.0   ADV BIOM
         Course:   4617 1 2012-09-01 I N GRAD  MNS   BIOL  BIOL  617   LEC   6.0   4.0   FIELD BOTANY
Did not replace:   4618 1 2012-09-01 I N UGRD  MNS   BIOL  BIOL  617   LEC   6.0   4.0   FIELD BOTANY
         Course:   5905 1 2009-06-05 A N GRAD  MNS   CSCI  CSCI  903   LEC   1.0   1.0   SNOBOL TIME SHAR
Did not replace:   5639 1 2010-08-27 A Y UGRD  MNS   CSCI  CSCI  903   LEC   3.0   3.0   TOPICS IN COMPUTING
   Fix division: 114388 1 2010-06-01 A Y MNS    => SOCSC  ECON  RM    709      LEC Portfolio Management
         Course:   6645 1 1901-01-01 A Y GRAD  EDUC  ECP   ECP   7472  LEC   2.0   2.0   INDEP STUDY
Did not replace:   6646 1 1901-01-01 A Y UGRD  EDUC  ECP   ECP   7472  LEC   2.0   2.0   INDEP STUDY-EDUC
         Course:   8409 1 2009-06-05 A N GRAD  ARTHU ELL   FREN  381   LEC   3.0   3.0   METH SEL LIT PBL
Did not replace:   8410 1 2009-06-05 A N UGRD  ARTHU ELL   FREN  381   LEC   3.0   3.0   SEMINAR
         Course:   7698 1 1983-05-31 A N UGRD  ARTHU ENGL  ENGL  41    LEC   3.0   3.0   SHAKESPEARE 1
Did not replace:   7641 1 1983-05-31 A N UGRD  ARTHU ENGL  ENGL  41    LEC   3.0   3.0   ENG LIT-NON MAJOR
         Course:   7701 1 1983-05-31 A N UGRD  ARTHU ENGL  ENGL  43    LEC   3.0   3.0   MILTON
Did not replace:   7643 1 1983-05-31 A N UGRD  ARTHU ENGL  ENGL  43    LEC   3.0   3.0   BIBLE NON MAJOR
         Course:   7714 1 1983-05-31 A N UGRD  ARTHU ENGL  ENGL  60    LEC   3.0   3.0   ASPECTS OF POETRY
Did not replace:   7648 1 1983-05-31 A N UGRD  ARTHU ENGL  ENGL  60    LEC   3.0   3.0   ENG COMP 2
         Course:   7718 1 1983-05-31 A N UGRD  ARTHU ENGL  ENGL  64    LEC   3.0   3.0   LIT &amp; POLITICS
Did not replace:   7652 1 1983-05-31 A N UGRD  ARTHU ENGL  ENGL  64    LEC   3.0   3.0   WRIT FOR PRE-MED
         Course:   8241 1 1997-09-01 A Y GRAD  MNS   FNES  FNES  728   LEC   3.0   3.0   New Trends in Textiles and Apparel
Did not replace:   8242 1 1997-09-01 A Y UGRD  MNS   FNES  FNES  728   LEC   3.0   3.0   TRENDS IN TEXTILES
   Fix division:  16125 1 2009-08-21 A Y MNS    => SOCSC  GLIS  LBSCI 752      LEC Digital Preservation
   Fix division: 108791 1 2010-11-12 A N MNS    => SOCSC  GLIS  LBSCI 790A     LEC RES &amp; BIB METH
   Fix division: 108789 1 1901-01-01 A N MNS    => SOCSC  GLIS  LBSCI 790B     LEC ARCHIVAL LIBRSHIP
         Course:   9492 1 1983-05-31 A N UGRD  SOCSC HIST  HIST  52    LEC   3.0   3.0   GR BRIT S 1603
Did not replace:   9559 1 1983-05-31 A N UGRD  SOCSC HIST  HIST  52    LEC   3.0   3.0   HISTORY OF JAPAN
         Course:   9494 1 1982-12-31 A N UGRD  SOCSC HIST  HIST  61    LEC   3.0   3.0   HST RUSSIA-1855
Did not replace:   9574 1 1982-12-31 A N UGRD  SOCSC HIST  HIST  61    LEC   3.0   3.0   COL HIST OF AMER
         Course:   9779 1 2012-01-01 A N UGRD  SOCSC HIST  HIST  294   LEC   3.0   3.0   Palestinian-Israeli Relations, 1967 to the Present
Did not replace: 116526 1 2012-01-01 A Y UGRD  SOCSC HIST  HIST  294   LEC   3.0   3.0   History of Brazil
   Fix division: 114532 1 2011-04-01 A Y ARTHU  => SOCSC  HIST  HIST  390W     LEC Film Aesthetics and History
   Fix division: 114533 1 2011-04-01 A Y ARTHU  => SOCSC  HIST  HIST  391W     LEC VT: History and Literature
         Course:   9842 1 1981-12-31 A N UGRD  SOCSC HIST  HIST  461   LEC   3.0   3.0   BALKANS
Did not replace:   9548 1 1981-12-31 I N UGRD  SOCSC HIST  HIST  461   LEC   3.0   3.0   BALKANS 1453-1821
         Course:   9850 1 1901-01-01 A Y GRAD  SOCSC HIST  HIST  512   LEC   3.0   3.0   CHINA AFTER 1500
Did not replace:   9556 1 1982-12-31 A N UGRD  SOCSC HIST  HIST  512   LEC   3.0   3.0   CHINA SINCE 1500
         Course:   9896 1 1974-09-01 A Y GRAD  SOCSC HIST  HIST  771   LEC   3.0   3.0   DEPRESSION&amp;NEW DEAL
Did not replace:   9604 1 1980-08-15 A N UGRD  SOCSC HIST  HIST  771   LEC   3.0   3.0   THE OLD SOUTH
         Course:   9897 1 1975-09-01 A Y GRAD  SOCSC HIST  HIST  772   LEC   3.0   3.0   MAKING AMER EMPIRE
Did not replace:   9605 1 1977-12-31 A N UGRD  SOCSC HIST  HIST  772   LEC   3.0   3.0   THE NEW SOUTH
         Course:   9912 1 1974-09-01 A Y GRAD  SOCSC HIST  HIST  791   LEC   2.0   3.0   INTRO HIST RSCH
Did not replace:   9608 1 1982-12-31 A N UGRD  SOCSC HIST  HIST  791   LEC   3.0   3.0   AM CONST HST-1865
         Course:  15188 1 2009-06-05 A N UGRD  ARTHU HLL   SPAN  3-4   LEC   6.0   6.0   INTENS SPANISH 3-4
Did not replace:  15115 1 2009-06-05 A N UGRD  ARTHU HLL   SPAN  3-4   LEC   6.0   6.0   INTENS INTER SPAN
   Fix division: 117905 1 1992-09-01 A Y SOCSC  => MNS    MATH  MATH  10       LEC PRECALCULUS
   Fix division: 117906 1 1992-09-01 A Y SOCSC  => MNS    MATH  MATH  111      LEC CALC &amp; ANALYTIC GEOM
   Fix division:  11253 1 2000-05-31 A N ARTHU  => MNS    MATH  MATH  130      LEC LIN ALG W APPLIC 1
   Fix division:  11283 1 2006-02-01 A Y ARTHU  => MNS    MATH  MATH  213W     LEC Discoving Mathematics with Mathematica
         Course: 117610 1 1984-09-01 A Y UGRD  MNS   MATH  MATH  241   LEC   3.0   3.0   APP PROB &amp; STAT
Did not replace:  11298 1 1984-09-01 A Y UGRD  MNS   MATH  MATH  241   LEC   3.0   3.0   Introduction to Probability and Mathematical Statistics
   Fix division:  11309 1 1988-12-31 A N ARTHU  => MNS    MATH  MATH  290      LEC Studies in Mathematics
   Fix division:  11169 1 1998-05-31 A N ARTHU  => MNS    MATH  MATH  426      LEC ELEMENTARY ALGEBRA
   Fix division:  11370 1 1980-06-01 A Y ARTHU  => MNS    MATH  MATH  509      LEC Set Theory and Logic
   Fix division:  11390 1 1970-09-01 A Y ARTHU  => MNS    MATH  MATH  621      LEC Probability
   Fix division:  11438 1 1901-01-01 A Y ARTHU  => MNS    MATH  MATH  7912     LEC VT:TUTORIAL
   Fix division:  11439 1 1992-09-01 A Y ARTHU  => MNS    MATH  MATH  7913     LEC VT:TUTORIAL
   Fix division:  11440 1 1901-01-01 A Y ARTHU  => MNS    MATH  MATH  7914     LEC VT:TUTORIAL
   Fix division:  11441 1 2003-02-01 A Y ARTHU  => MNS    MATH  MATH  79145    LEC TUTORIAL
   Fix division:  11442 1 2003-02-01 A Y ARTHU  => MNS    MATH  MATH  7915     LEC VT:TUTORIAL
   Fix division:  11444 1 1901-01-01 A Y ARTHU  => MNS    MATH  MATH  7921     LEC VT:SEMINAR
   Fix division:  11445 1 1901-01-01 A Y ARTHU  => MNS    MATH  MATH  7922     LEC VT:SEMINAR
   Fix division:  11446 1 1901-01-01 A Y ARTHU  => MNS    MATH  MATH  7923     LEC VT:SEMINAR
   Fix division:  11447 1 1901-01-01 A Y ARTHU  => MNS    MATH  MATH  7924     LEC VT:SEMINAR
   Fix division:  11448 1 1901-01-01 A Y ARTHU  => MNS    MATH  MATH  79245    LEC SEMINAR
   Fix division:  11449 1 1901-01-01 A Y ARTHU  => MNS    MATH  MATH  7925     LEC VT:SEMINAR
         Course: 115764 1 2011-05-02 A Y UGRD  ARTHU MUSIC MUSIC 217   LEC   3.0   1.0   Introduction to the Alexander Technique
Did not replace:  12261 1 2011-05-02 I N UGRD  ARTHU MUSIC MUSIC 217   LEC   2.0   2.0   MEDIEVAL MUSIC
         Course:  12588 1 1972-05-31 A N UGRD  ARTHU MUSIC MUSIC 811   LEC   2.0   1.0   0  00
Did not replace:  12135 1 1972-05-31 A N UGRD  ARTHU MUSIC MUSIC 811   LEC   1.0   1.0   MEN’S GLEE CLUB
         Course:  12590 1 1901-01-01 A Y UGRD  ARTHU MUSIC MUSIC 832   LEC   1.0   1.0   CONCERT CHIOR
Did not replace:  12139 1 1901-01-01 A Y UGRD  ARTHU MUSIC MUSIC 832   LEC   0.0   0.0   CONCERT CHOIR
         Course:  12163 1 2009-06-05 A N GRAD  ARTHU MUSIC MUSIC 100   LEC   2.0   2.0   WORLD FOLK MUSIC
Did not replace:  12164 1 2009-10-23 A N UGRD  ARTHU MUSIC MUSIC 100   LEC   2.0   0.0   RUDIMENTS OF MUS
         Course:  12863 1 1984-05-31 A N UGRD  SOCSC PHIL  PHIL  22    LEC   3.0   3.0   POLITICAL PHILO
Did not replace:  12841 1 1984-05-31 A N UGRD  SOCSC PHIL  PHIL  22    LEC   3.0   3.0   PHIL CHAL OF FUT
   Fix division: 108863 1 2010-11-12 A Y ARTHU  => SOCSC  PHIL  RLGST 2        LEC ORIENTAL RELIG
         Course: 118625 1 1901-09-01 A Y UGRD  SOCSC PSCI  PSCI  9     LEC   3.0   3.0   ETHICS &amp; PUB POLICY
Did not replace: 118186 1 1901-09-01 A Y UGRD  SOCSC PSCI  PSCI  9     LEC   3.0   3.0   POLITICS OF CRIME
         Course: 118630 1 1901-09-01 A Y UGRD  SOCSC PSCI  PSCI  9     LEC   3.0   3.0   POL IDEAS &amp; FILM
Did not replace: 118186 1 1901-09-01 A Y UGRD  SOCSC PSCI  PSCI  9     LEC   3.0   3.0   POLITICS OF CRIME
   Fix division: 117789 1 1988-02-01 A Y ARTHU  => SOCSC  PSCI  PSCI  209      LEC POL BUREAUCRACY
         Course:  13807 1 1982-12-31 A N GRAD  SOCSC PSCI  PSCI  771   LEC   2.0   3.0   Political Systems in Devel­oping Areas: Regional Analysis.
Did not replace:  13615 1 1986-05-31 A N UGRD  SOCSC PSCI  PSCI  771   LEC   3.0   3.0   BLK POL SOC THT 2
             ID:  14150 1 1984-02-01 A N UGRD  MNS   PSYCH PSYCH 348   LEC   3.0   3.0   History and Systems of Psychology
Did not replace:  14150 2 1984-02-01 A Y UGRD  MNS   PSYCH PSYCH 248   LEC   3.0   3.0   History and Systems of Psychology
         Course:  14226 1 1987-02-01 A Y GRAD  MNS   PSYCH PSYCH 7301  LEC   6.0   3.0   BEHAVIOR MOD 1
Did not replace:  14227 1 1988-05-31 A N UGRD  MNS   PSYCH PSYCH 7301  LEC   6.0   4.0   BEHAVIOR MOD 1
         Course: 108759 1 2010-11-12 A Y UGRD  MNS   SEES  GEOL  4     LEC   0.0   3.0   SCIENCE LAW &amp; ENVR
Did not replace: 108862 1 2010-11-12 I N UGRD  MNS   SEES  GEOL  4     LEC   0.0   3.0   SCIENCE LAW &amp; ENVR
         Course:   8538 1 1901-01-01 A Y GRAD  MNS   SEES  GEOL  911   LEC   1.0   1.0   SPECIAL PBLMS
Did not replace:   8539 1 1901-01-01 A Y UGRD  MNS   SEES  GEOL  911   LEC   1.0   1.0   SPECIAL PROBLEMS
         Course:   8685 1 2011-09-22 I N GRAD  MNS   SEES  GEOL  7883  LEC   3.0   3.0   COOP EDUC PLACEMENT
Did not replace: 115563 1 2011-09-22 A Y GRAD  MNS   SEES  GEOL  7883  LEC   3.0   3.0   Cooperative Education Placement
             ID:  14602 1 1988-09-01 A Y UGRD  EDUC  SEYS  SEYS  365   LEC   3.0   3.0   Practicum in Art for Middle/Junior High School
Did not replace:  14602 1 1988-09-01 A Y UGRD  EDUC  SEYS  SEYS  365   LEC   3.0   3.0   Practicum in Art for Middle/Junior High School
         Course:  14602 1 1988-09-01 A Y UGRD  EDUC  SEYS  SEYS  365   LEC   3.0   3.0   Practicum in Art for Middle/Junior High School
Did not replace:  14602 1 1988-09-01 A Y UGRD  EDUC  SEYS  SEYS  365   LEC   3.0   3.0   Practicum in Art for Middle/Junior High School
             ID:  14623 1 1988-09-01 A Y UGRD  EDUC  SEYS  SEYS  376   LEC   8.0   6.0   STUD TEACH HOME ECO
Did not replace:  14623 1 1988-09-01 A Y UGRD  EDUC  SEYS  SEYS  376   LEC   8.0   6.0   STUD TEACH HOME ECO
         Course:  14623 1 1988-09-01 A Y UGRD  EDUC  SEYS  SEYS  376   LEC   8.0   6.0   STUD TEACH HOME ECO
Did not replace:  14623 1 1988-09-01 A Y UGRD  EDUC  SEYS  SEYS  376   LEC   8.0   6.0   STUD TEACH HOME ECO
             ID:  14624 1 1989-02-01 A Y UGRD  EDUC  SEYS  SEYS  377   LEC   8.0   6.0   STUD TEACH MUSIC
Did not replace:  14624 1 1989-02-01 A Y UGRD  EDUC  SEYS  SEYS  377   LEC   8.0   6.0   STUD TEACH MUSIC
         Course:  14624 1 1989-02-01 A Y UGRD  EDUC  SEYS  SEYS  377   LEC   8.0   6.0   STUD TEACH MUSIC
Did not replace:  14624 1 1989-02-01 A Y UGRD  EDUC  SEYS  SEYS  377   LEC   8.0   6.0   STUD TEACH MUSIC
             ID:  14625 1 1988-09-01 A Y UGRD  EDUC  SEYS  SEYS  378   LEC   8.0   6.0   STUD TEACH HEALTH ED
Did not replace:  14625 1 1988-09-01 A Y UGRD  EDUC  SEYS  SEYS  378   LEC   8.0   6.0   STUD TEACH HEALTH ED
         Course:  14625 1 1988-09-01 A Y UGRD  EDUC  SEYS  SEYS  378   LEC   8.0   6.0   STUD TEACH HEALTH ED
Did not replace:  14625 1 1988-09-01 A Y UGRD  EDUC  SEYS  SEYS  378   LEC   8.0   6.0   STUD TEACH HEALTH ED
             ID:  14626 1 1988-09-01 A Y UGRD  EDUC  SEYS  SEYS  379   LEC   8.0   6.0   STUD TEACH PHYS ED
Did not replace:  14626 1 1988-09-01 A Y UGRD  EDUC  SEYS  SEYS  379   LEC   8.0   6.0   STUD TEACH PHYS ED
         Course:  14626 1 1988-09-01 A Y UGRD  EDUC  SEYS  SEYS  379   LEC   8.0   6.0   STUD TEACH PHYS ED
Did not replace:  14626 1 1988-09-01 A Y UGRD  EDUC  SEYS  SEYS  379   LEC   8.0   6.0   STUD TEACH PHYS ED
             ID:  14648 1 2003-12-31 A N GRAD  EDUC  SEYS  SEYS  570   LEC   6.0   6.0   Student Teaching in English for Secondary School
Did not replace:  14648 1 2003-12-31 A N GRAD  EDUC  SEYS  SEYS  570   LEC   6.0   6.0   Student Teaching in English for Secondary School
         Course:  14648 1 2003-12-31 A N GRAD  EDUC  SEYS  SEYS  570   LEC   6.0   6.0   Student Teaching in English for Secondary School
Did not replace:  14648 1 2003-12-31 A N GRAD  EDUC  SEYS  SEYS  570   LEC   6.0   6.0   Student Teaching in English for Secondary School
             ID:  14653 1 2003-05-31 A N GRAD  EDUC  SEYS  SEYS  571   LEC   6.0   6.0   Student Teaching in Mathematics for Secondary School
Did not replace:  14653 1 2003-05-31 A N GRAD  EDUC  SEYS  SEYS  571   LEC   6.0   6.0   Student Teaching in Mathematics for Secondary School
         Course:  14653 1 2003-05-31 A N GRAD  EDUC  SEYS  SEYS  571   LEC   6.0   6.0   Student Teaching in Mathematics for Secondary School
Did not replace:  14653 1 2003-05-31 A N GRAD  EDUC  SEYS  SEYS  571   LEC   6.0   6.0   Student Teaching in Mathematics for Secondary School
             ID:  14658 1 2003-05-31 A N GRAD  EDUC  SEYS  SEYS  572   LEC   6.0   6.0   Student Teaching in Science for Secondary School
Did not replace:  14658 1 2003-05-31 A N GRAD  EDUC  SEYS  SEYS  572   LEC   6.0   6.0   Student Teaching in Science for Secondary School
         Course:  14658 1 2003-05-31 A N GRAD  EDUC  SEYS  SEYS  572   LEC   6.0   6.0   Student Teaching in Science for Secondary School
Did not replace:  14658 1 2003-05-31 A N GRAD  EDUC  SEYS  SEYS  572   LEC   6.0   6.0   Student Teaching in Science for Secondary School
             ID:  14663 1 2003-05-31 A N GRAD  EDUC  SEYS  SEYS  573   LEC   6.0   6.0   Student Teaching in Social Studies for Secondary School.
Did not replace:  14663 1 2003-05-31 A N GRAD  EDUC  SEYS  SEYS  573   LEC   6.0   6.0   Student Teaching in Social Studies for Secondary School.
         Course:  14663 1 2003-05-31 A N GRAD  EDUC  SEYS  SEYS  573   LEC   6.0   6.0   Student Teaching in Social Studies for Secondary School.
Did not replace:  14663 1 2003-05-31 A N GRAD  EDUC  SEYS  SEYS  573   LEC   6.0   6.0   Student Teaching in Social Studies for Secondary School.
             ID:  14669 1 2003-05-31 I N GRAD  EDUC  SEYS  SEYS  574   LEC   6.0   6.0   Student Teaching in Foreign Language for Secondary School.
Did not replace:  14669 1 2003-05-31 I N GRAD  EDUC  SEYS  SEYS  574   LEC   6.0   6.0   Student Teaching in Foreign Language for Secondary School.
         Course:  14669 1 2003-05-31 I N GRAD  EDUC  SEYS  SEYS  574   LEC   6.0   6.0   Student Teaching in Foreign Language for Secondary School.
Did not replace:  14669 1 2003-05-31 I N GRAD  EDUC  SEYS  SEYS  574   LEC   6.0   6.0   Student Teaching in Foreign Language for Secondary School.
             ID:  14652 1 1901-01-01 A Y GRAD  EDUC  SEYS  SEYS  5706  LEC   6.0   6.0   STUD TCHG ENGL
Did not replace:  14652 1 1901-01-01 A Y GRAD  EDUC  SEYS  SEYS  5706  LEC   6.0   6.0   STUD TCHG ENGL
         Course:  14652 1 1901-01-01 A Y GRAD  EDUC  SEYS  SEYS  5706  LEC   6.0   6.0   STUD TCHG ENGL
Did not replace:  14652 1 1901-01-01 A Y GRAD  EDUC  SEYS  SEYS  5706  LEC   6.0   6.0   STUD TCHG ENGL
             ID:  14657 1 1901-01-01 A Y GRAD  EDUC  SEYS  SEYS  5716  LEC   6.0   6.0   STUD TCHG MATH
Did not replace:  14657 1 1901-01-01 A Y GRAD  EDUC  SEYS  SEYS  5716  LEC   6.0   6.0   STUD TCHG MATH
         Course:  14657 1 1901-01-01 A Y GRAD  EDUC  SEYS  SEYS  5716  LEC   6.0   6.0   STUD TCHG MATH
Did not replace:  14657 1 1901-01-01 A Y GRAD  EDUC  SEYS  SEYS  5716  LEC   6.0   6.0   STUD TCHG MATH
             ID:  14662 1 1901-01-01 A Y GRAD  EDUC  SEYS  SEYS  5726  LEC   6.0   6.0   STUD TCHG SCIENCE
Did not replace:  14662 1 1901-01-01 A Y GRAD  EDUC  SEYS  SEYS  5726  LEC   6.0   6.0   STUD TCHG SCIENCE
         Course:  14662 1 1901-01-01 A Y GRAD  EDUC  SEYS  SEYS  5726  LEC   6.0   6.0   STUD TCHG SCIENCE
Did not replace:  14662 1 1901-01-01 A Y GRAD  EDUC  SEYS  SEYS  5726  LEC   6.0   6.0   STUD TCHG SCIENCE
             ID:  14668 1 1901-01-01 A Y GRAD  EDUC  SEYS  SEYS  5736  LEC   6.0   6.0   STUD TCHG SOC STUD
Did not replace:  14668 1 1901-01-01 A Y GRAD  EDUC  SEYS  SEYS  5736  LEC   6.0   6.0   STUD TCHG SOC STUD
         Course:  14668 1 1901-01-01 A Y GRAD  EDUC  SEYS  SEYS  5736  LEC   6.0   6.0   STUD TCHG SOC STUD
Did not replace:  14668 1 1901-01-01 A Y GRAD  EDUC  SEYS  SEYS  5736  LEC   6.0   6.0   STUD TCHG SOC STUD
             ID:  14673 1 1901-01-01 A Y GRAD  EDUC  SEYS  SEYS  5746  LEC   6.0   6.0   STUD TCHG FOR LANG
Did not replace:  14673 1 1901-01-01 A Y GRAD  EDUC  SEYS  SEYS  5746  LEC   6.0   6.0   STUD TCHG FOR LANG
         Course:  14673 1 1901-01-01 A Y GRAD  EDUC  SEYS  SEYS  5746  LEC   6.0   6.0   STUD TCHG FOR LANG
Did not replace:  14673 1 1901-01-01 A Y GRAD  EDUC  SEYS  SEYS  5746  LEC   6.0   6.0   STUD TCHG FOR LANG
         Course:  14999 1 1971-02-01 A Y GRAD  SOCSC SOC   SOC   703   LEC   3.0   3.0   Social Pathology.
Did not replace:  15000 1 1972-08-15 A N UGRD  SOCSC SOC   SOC   703   LEC   3.0   3.0   SOCIAL PATHOLOGY
         Course:  15003 1 1901-01-01 A Y GRAD  SOCSC SOC   SOC   706   LEC   3.0   3.0   SOC STRUCT IN US
Did not replace:  15004 1 1972-08-15 A N UGRD  SOCSC SOC   SOC   706   LEC   3.0   3.0   SOC STRUCT IN U.S.
         Course: 117981 1 1901-09-01 A Y UGRD  PROV  SPST  SPST  95    LEC   3.0   3.0   ADV RDG &amp; ST SK
Did not replace: 118189 1 1901-09-01 A Y UGRD  PROV  SPST  SPST  95    LEC   3.0   3.0   WOMENS COMM STRUGGLE
         Course: 116850 1 1977-09-01 A Y UGRD  PROV  SPST  SPST  95    LEC   4.0   4.0   EXISTENTIALISM
Did not replace: 116849 1 1977-09-01 A Y UGRD  PROV  SPST  SPST  95    LEC   4.0   4.0   COMMUNITY &amp; SOCIETY
         Course: 118180 1 1901-09-01 A Y UGRD  PROV  SPST  SPST  97    LEC   4.0   4.0   BLK THEA &amp; DRAM 2
Did not replace: 118182 1 1901-09-01 A Y UGRD  PROV  SPST  SPST  97    LEC   3.0   3.0   BLACK DRAMA WKSHP
         Course: 118185 1 1901-09-01 A Y UGRD  PROV  SPST  SPST  97    LEC   3.0   3.0   INTR TO BLK CULT
Did not replace: 118182 1 1901-09-01 A Y UGRD  PROV  SPST  SPST  97    LEC   3.0   3.0   BLACK DRAMA WKSHP
         Course: 118231 1 1901-09-01 A Y UGRD  PROV  SPST  SPST  97    LEC   3.0   3.0   AFRICAN MUS &amp; DAN
Did not replace: 118182 1 1901-09-01 A Y UGRD  PROV  SPST  SPST  97    LEC   3.0   3.0   BLACK DRAMA WKSHP
         Course: 117619 1 1978-09-01 A Y UGRD  PROV  SPST  SPST  97    LEC   3.0   3.0   PR POL SOC MVMTS
Did not replace: 118232 1 1978-09-01 A Y UGRD  PROV  SPST  SPST  97    LEC   3.0   3.0   INTRO PHILO RELIGION
   Fix division: 117675 1 1989-02-01 A Y MNS    => PROV   SPST  SPST  97       LEC SOUTH AFRICAN LIT
   Fix division: 108873 1 2010-11-12 A Y SOCSC  => PROV   SPST  SPST  238      REC SOC CH MVMT
         Course: 118690 1 1901-01-01 A Y UGRD  PROV  SPST  SPST  1951  LEC   1.0   1.0   INTRODUCTION TO SOC
Did not replace: 118689 1 1901-01-01 A Y UGRD  PROV  SPST  SPST  1951  LEC   1.0   1.0   INDUSTRIAL SOC

 13570 total records
  9349 records kept
    32 division corrections
Reasons for omitting:
  4041 inactive discipline
    46 non-academic component
     0 non-academic department
   134 non-academic division
Inactive disciplines skipped:
4030    4490    57      ADMIN   ADV     ART     ASCI    AST     B-CH    BENG    
C C     CAS     CLIT    CPI     CROA    CZECH   DAN     DRAF    DTCH    DUTCH   
E&ES    ECPAS   ECPMF   ECPRE   EDUC    EFB     ETH     ETHST   FLMS    FLST    
GEOG    GEOGR   GLIB    GPES    GREE    GRST    H ED    H PE    HEB     HECO    
HLTED   HMECO   HON     HPED    HPWT    HUNG    HWT     IB53    ICEL    INDWK   
INST    ITAM    LAAS    LAAST   LAE     LAM     LAMS    LANG    LASAR   LAST    
LAT     LIB     LING    MALS    MISC    MMAT    MMATR   MUS     NLAE    NORW    
NSCI    NT      ORTST   OSTU    P ED    PED     PHYED   PLAS    POL     PRST    
PSY     QCLS    R PH    READ    RET     RLAN    RLANG   RLIT    RLST    S CR    
S S     SCAN    SCI     SCNST   SERCR   SLAV    SLEEL   SP      SS      SSCI    
STAB    STPE    SWAH    SWED    TH D    TH-D    TRANS   TRNST   TRST    TUT     
UBST    WDST    WMST    YOR     
Non-academic components skipped:
MSG     TST     
Non-academic divisions skipped:
ADMIN   QUEEN   

Eliminate "Inactive" and not "Schedule" records:
------------------------------------------------

Unreduced:  9306 ids;  9008 courses
  Reduced:  5665 ids;  5556 courses


Checking for IDs not in Courses:
--------------------------------
  3030 1 2010-12-02 A Y UGRD  SOCSC ACCT  ACCT  367   LEC   4.0   4.0   Federal and New York State Taxes on Income
  3173 1 1983-09-01 A Y UGRD  ARTHU AMST  AMST  110   LEC   3.0   3.0   Introduction to American Society and Culture
  3315 1 2010-12-03 A Y UGRD  SOCSC ANTH  ANTH  201   LEC   3.0   3.0   Essentials of Cultural Anthropology
  3336 1 2010-12-03 A Y UGRD  SOCSC ANTH  ANTH  222   LEC   3.0   3.0   Sex, Gender, and Culture
  3347 1 2010-12-03 A Y UGRD  SOCSC ANTH  ANTH  232   LEC   3.0   3.0   Ethnographic Photography
  3413 1 2012-06-25 A Y UGRD  SOCSC ANTH  ANTH  361   LEC   3.0   3.0   Human Variation
  4216 1 1901-01-01 A Y UGRD  ARTHU ART   ARTS  365   LEC   4.0   3.0   Specialized Topics in Painting
  4391 1 1970-02-01 A Y UGRD  MNS   BIOL  BIOL  10    LEC   3.0   1.0   INTRO BIO LAB
  4612 1 1901-01-01 A Y GRAD  MNS   BIOL  BIOL  611   LEC   6.0   4.0   Mycology
  5397 1 2009-10-16 A Y UGRD  ARTHU CMAL  CLAS  120   LEC   3.0   3.0   Greek Civilization
  5765 1 1982-09-01 A Y UGRD  MNS   CSCI  CSCI  391   LEC   3.0   3.0   HONOR RESEARCH
  5869 1 1981-09-01 A Y GRAD  MNS   CSCI  CSCI  790   LEC   3.0   3.0   Seminars in Computer Science
  8077 1 1997-06-01 A Y UGRD  MNS   FNES  FNES  32    LEC   3.0   3.0   ADULT FITNESS
  8355 1 1901-01-01 A Y UGRD  ARTHU ELL   FREN  141   LEC   3.0   3.0   ADV GRAMMAR 1
  8609 1 1901-01-01 A Y UGRD  MNS   SEES  GEOL  402   LEC   5.0   3.0   Special Topics in Geology
  8741 1 1901-01-01 A Y UGRD  ARTHU ELL   GERM  31    LEC   2.0   2.0   INTER GERM CONV
  8746 1 1974-09-01 A Y UGRD  ARTHU ELL   GERM  41    LEC   3.0   3.0   VT:MASTERPCS OF GER
  9107 1 1993-09-01 A Y UGRD  PROV  GRKST GRKST 200   LEC   4.0   3.0   Greek Cinema
  9653 1 1901-01-01 A Y UGRD  SOCSC HIST  HIST  121   LEC   3.0   3.0   History of Brazil
  9671 1 1901-01-01 A Y UGRD  SOCSC HIST  HIST  164   LEC   3.0   3.0   SOC &amp; CULT HIST
  9827 1 1901-01-01 A Y UGRD  SOCSC HIST  HIST  371   LEC   3.0   3.0   DEP NEW DEAL
  9850 1 1901-01-01 A Y GRAD  SOCSC HIST  HIST  512   LEC   3.0   3.0   CHINA AFTER 1500
  9896 1 1974-09-01 A Y GRAD  SOCSC HIST  HIST  771   LEC   3.0   3.0   DEPRESSION&amp;NEW DEAL
  9897 1 1975-09-01 A Y GRAD  SOCSC HIST  HIST  772   LEC   3.0   3.0   MAKING AMER EMPIRE
  9912 1 1974-09-01 A Y GRAD  SOCSC HIST  HIST  791   LEC   2.0   3.0   INTRO HIST RSCH
 10344 1 1901-01-01 A Y UGRD  ARTHU ELL   ITAL  1-2   LEC   8.0   8.0   INTENS EL ITAL 1-2
 11383 1 1971-02-01 A Y GRAD  MNS   MATH  MATH  613   LEC   3.0   3.0   Algebraic Structures
 11384 1 1971-02-01 A Y GRAD  MNS   MATH  MATH  614   LEC   3.0   3.0   Functions of Real Variables
 12021 1 1901-01-01 A Y UGRD  ARTHU MUSIC MUSIC 9     LEC   0.0   0.0   STD LIT MUSIC
 12088 1 1971-09-01 A Y UGRD  ARTHU MUSIC MUSIC 53    LEC   3.0   3.0   FOUR COMPOSERS
 12100 1 1901-01-01 A Y UGRD  ARTHU MUSIC MUSIC 590   LEC   2.0   0.0   CONCERT BAND
 12142 1 1901-01-01 A Y UGRD  ARTHU MUSIC MUSIC 842   LEC   3.0   2.0   INTERM ENSEMBLE
 12340 1 1983-09-01 A Y UGRD  ARTHU MUSIC MUSIC 276   LEC   3.0   3.0   Principles of Instrumentation
 12342 1 1987-09-01 A Y UGRD  ARTHU MUSIC MUSIC 280   LEC   2.0   1.0   Diction in Vocal Music I
 12344 1 1986-09-01 A Y UGRD  ARTHU MUSIC MUSIC 282   LEC   2.0   1.0   Survey of Repertory for Major Instruments and Voice
 12452 1 1975-02-01 A Y GRAD  ARTHU MUSIC MUSIC 705   LEC   3.0   3.0   Medieval Notation
 13026 1 1971-09-01 A Y GRAD  SOCSC PHIL  PHIL  782   LEC   3.0   3.0   TUTORIAL
 13336 1 1986-09-01 A Y UGRD  MNS   PHYS  PHYS  122   LEC   6.0   4.0   General Physics II
 13340 1 1986-09-01 A Y UGRD  MNS   PHYS  PHYS  145   LEC   6.0   4.0   Principles of Physics I
 13434 1 1975-02-01 A Y GRAD  MNS   PHYS  PHYS  745   LEC   4.0   4.0   Solid State Physics
 14084 1 1901-01-01 A Y UGRD  MNS   PSYCH PSYCH 147   LEC   3.3   3.3   BEHAVIOR MOD
 14124 1 2002-02-01 A Y UGRD  MNS   PSYCH PSYCH 321   LEC   6.0   4.0   Advanced Experimental Psychology: Clinical
 14226 1 1987-02-01 A Y GRAD  MNS   PSYCH PSYCH 7301  LEC   6.0   3.0   BEHAVIOR MOD 1
 14999 1 1971-02-01 A Y GRAD  SOCSC SOC   SOC   703   LEC   3.0   3.0   Social Pathology.
 15003 1 1901-01-01 A Y GRAD  SOCSC SOC   SOC   706   LEC   3.0   3.0   SOC STRUCT IN US
 15095 1 1901-01-01 A Y UGRD  ARTHU HLL   SPAN  1-2   LEC   8.0   8.0   INTENSIVE ELEM SPAN
 15858 1 1901-01-01 A Y UGRD  SOCSC URBST URBST 311   LEC   3.0   3.0   HOUSING ISSUE NYC
 15863 1 1901-01-01 A Y UGRD  SOCSC URBST URBST 319   LEC   3.0   3.0   JOB MARKETS
 15872 1 1973-02-01 A Y UGRD  SOCSC URBST URBST 321   LEC   3.0   3.0   Perspectives on the Labor Movement
 16125 1 2009-08-21 A Y GRAD  SOCSC GLIS  LBSCI 752   LEC   0.0   3.0   Digital Preservation
115764 1 2011-05-02 A Y UGRD  ARTHU MUSIC MUSIC 217   LEC   3.0   1.0   Introduction to the Alexander Technique
116376 1 1979-09-01 A Y UGRD  ARTHU MUSIC MUSIC 124   LEC   3.0   3.0   HRM CTPT &amp; KEYB SK 4
116473 1 1973-09-01 A Y UGRD  ARTHU ENGL  ENGL  69    LEC   3.0   3.0   Literature &amp; Film
116474 1 1974-02-01 A Y UGRD  ARTHU DTD   DRAM  34    LEC   3.0   3.0   FAMILY IN AMER DR
116540 1 2012-01-01 A Y UGRD  SOCSC HIST  HIST  297   LEC   3.0   3.0   History of Italians in America
116631 1 1990-09-01 A Y UGRD  EDUC  SEYS  SEYS  201   LEC   4.0   4.0   CONT ED PRIN &amp; PRAC
117609 1 1984-02-01 A Y UGRD  MNS   CSCI  CSCI  382   LEC   3.0   3.0   SEMINAR IN COMPUTER SCIENCE
117697 1 1986-02-01 A Y UGRD  ARTHU ELL   FREN  50    LEC   3.0   3.0   CINEMA-NEW WAVE
117810 1 1987-09-01 A Y UGRD  ARTHU ENGL  ENGL  399   LEC   3.0   3.0   Hon Sem: Joyce
117903 1 1992-09-01 A Y UGRD  ARTHU ENGL  ENGL  120   LEC   3.0   3.0   ENGLISH COMP 2
117906 1 1992-09-01 A Y UGRD  MNS   MATH  MATH  111   LEC   4.0   4.0   CALC &amp; ANALYTIC GEOM
118186 1 1901-09-01 A Y UGRD  SOCSC PSCI  PSCI  9     LEC   3.0   3.0   POLITICS OF CRIME
118234 1 1901-09-01 A Y UGRD  ARTHU ENGL  ENGL  102   LEC   3.0   3.0   WRT &amp; RDG SKILLS
118303 1 1901-09-01 A Y UGRD  SOCSC ECON  ECON  1     LEC   3.0   3.0   INTRO ECON 1
118305 1 1901-09-01 A Y UGRD  ARTHU ENGL  ENGL  100   LEC   2.0   2.0   BASIC WRIT SKILLS
118625 1 1901-09-01 A Y UGRD  SOCSC PSCI  PSCI  9     LEC   3.0   3.0   ETHICS &amp; PUB POLICY
118628 1 1901-09-01 A Y UGRD  SOCSC PSCI  PSCI  83    LEC   3.0   3.0   COMP PUB POL MKG
118630 1 1901-09-01 A Y UGRD  SOCSC PSCI  PSCI  9     LEC   3.0   3.0   POL IDEAS &amp; FILM
118712 1 1901-01-01 A Y UGRD  SOCSC PSCI  PSCI  12    LEC   3.0   3.0   AMER PRESIDENCY
118719 1 1901-01-01 A Y GRAD  SOCSC GLIS  LBSCI 790   LEC   3.0   3.0   NON PRINT CATAL
118748 1 1901-01-01 A Y UGRD  SOCSC HIST  HIST  10    LEC   3.0   3.0   ANARCHISM
118749 1 1901-01-01 A Y UGRD  SOCSC PHIL  PHIL  2     LEC   3.0   3.0   PHILO &amp; HOLOCAUST
118988 1 1901-01-01 A Y UGRD  MNS   PSYCH PSYCH 7     LEC   3.0   3.0   STAT TECH BEH SCI
119016 1 1901-01-01 A Y GRAD  MNS   MATH  MATH  650   LEC   3.0   3.0   CT SET TOPOLOGY
108759 1 2010-11-12 A Y UGRD  MNS   SEES  GEOL  4     LEC   0.0   3.0   SCIENCE LAW &amp; ENVR

    75 IDs not in courses


Checking for Courses not in IDs:
--------------------------------

    No Courses not in IDs


Checking for “live” courses that should be corrected:
-----------------------------------------------------
   221 description is “See department”
     0 invalid course number
  1757 missing description
  1913 uppercase course title
  2220 distinct courses with problems


Checking for discipline => department => division anomalies:
------------------------------------------------------------
by-id:
  98 disciplines, with 0 conflicting department-division values found by id.
by-course:
  98 disciplines, with 0 conflicting department-division values found by course.

Processing 13939 prerequisite records:
  10774 pre- or co-requisite descriptions kept.

Analysis completed in 6.50 sec
Generating database tables ... ... 1.88 sec

